<?xml version="1.0" encoding="UTF-8"?>
<testsuite xmlns:xsi="http://www.w3.org/2001/XMLSchema-instance" xsi:noNamespaceSchemaLocation="https://maven.apache.org/surefire/maven-surefire-plugin/xsd/surefire-test-report-3.0.xsd" version="3.0" name="com.mercadolibre.rampup_juan_castano.integration.ManageFruitControllerTest" time="0.074" tests="5" errors="0" skipped="0" failures="0">
  <properties>
[...]
</properties>
  <testcase name="deleteFruit" classname="com.mercadolibre.rampup_juan_castano.integration.ManageFruitControllerTest" time="0.046"/>
  <testcase name="updateFruit" classname="com.mercadolibre.rampup_juan_castano.integration.ManageFruitControllerTest" time="0.005"/>
  <testcase name="searchFruit" classname="com.mercadolibre.rampup_juan_castano.integration.ManageFruitControllerTest" time="0.003"/>
  <testcase name="saveFruit" classname="com.mercadolibre.rampup_juan_castano.integration.ManageFruitControllerTest" time="0.007"/>
  <testcase name="getFruitById" classname="com.mercadolibre.rampup_juan_castano.integration.ManageFruitControllerTest" time="0.005"/>
</testsuite>